<?xml version="1.0" encoding="UTF-8" ?>
<testsuite failures="0" time="0.009" errors="0" skipped="0" tests="4" name="ch.lambdaj.SwitcherTest">
  <properties>
    <property name="java.runtime.name" value="Java(TM) SE Runtime Environment"/>
    <property name="sun.boot.library.path" value="C:\data\dev\java\jre\bin"/>
    <property name="java.vm.version" value="16.3-b01"/>
    <property name="java.vm.vendor" value="Sun Microsystems Inc."/>
    <property name="java.vendor.url" value="http://java.sun.com/"/>
    <property name="path.separator" value=";"/>
    <property name="java.vm.name" value="Java HotSpot(TM) Client VM"/>
    <property name="file.encoding.pkg" value="sun.io"/>
    <property name="user.country" value="IT"/>
    <property name="sun.java.launcher" value="SUN_STANDARD"/>
    <property name="sun.os.patch.level" value=""/>
    <property name="java.vm.specification.name" value="Java Virtual Machine Specification"/>
    <property name="user.dir" value="C:\data\dev\intellij\lambdaj"/>
    <property name="java.runtime.version" value="1.6.0_20-b02"/>
    <property name="java.awt.graphicsenv" value="sun.awt.Win32GraphicsEnvironment"/>
    <property name="basedir" value="C:\data\dev\intellij\lambdaj"/>
    <property name="java.endorsed.dirs" value="C:\data\dev\java\jre\lib\endorsed"/>
    <property name="os.arch" value="x86"/>
    <property name="surefire.real.class.path" value="C:\Users\Mario\AppData\Local\Temp\surefirebooter6361964346810428584.jar"/>
    <property name="java.io.tmpdir" value="C:\Users\Mario\AppData\Local\Temp\"/>
    <property name="line.separator" value="
"/>
    <property name="java.vm.specification.vendor" value="Sun Microsystems Inc."/>
    <property name="user.variant" value=""/>
    <property name="os.name" value="Windows 7"/>
    <property name="sun.jnu.encoding" value="Cp1252"/>
    <property name="java.library.path" value="C:\data\dev\java\jre\bin;.;C:\Windows\Sun\Java\bin;C:\Windows\system32;C:\Windows;C:\Program Files (x86)\JetBrains\IntelliJ IDEA 10.5\bin\..\.\bin;C:\Program Files\Common Files\Microsoft Shared\Windows Live;C:\Program Files (x86)\Common Files\Microsoft Shared\Windows Live;C:\data\dev\java\bin;C:\data\dev\sbt;C:\data\dev\apache-maven-2.2.1\bin;C:\Users\Mario\.m2\repository;C:\data\dev\typesafe-stack\bin;C:\Program Files (x86)\Git\bin;C:\data\dev\play-1.2;C:\data\dev\mongodb-win32-x86_64-1.6.5\bin;C:\data\dev\sbt;C:\Windows\system32;C:\Windows;C:\Windows\System32\Wbem;C:\Windows\System32\WindowsPowerShell\v1.0\;C:\Program Files\WIDCOMM\Bluetooth Software\;C:\Program Files\WIDCOMM\Bluetooth Software\syswow64;C:\Program Files (x86)\Common Files\Roxio Shared\10.0\DLLShared\;C:\Program Files (x86)\Common Files\Roxio Shared\DLLShared\;C:\Program Files (x86)\Git\cmd;C:\Program Files\Intel\WiFi\bin\;C:\Program Files\Common Files\Intel\WirelessCommon\;C:\Program Files (x86)\Windows Live\Shared;C:\Program Files (x86)\OpenVPN\bin;c:\program files (x86)\jetbrains\intellij idea 10.5\jre\jre\bin"/>
    <property name="surefire.test.class.path" value="C:\data\dev\intellij\lambdaj\target\test-classes;C:\data\dev\intellij\lambdaj\target\classes;C:\Users\Mario\.m2\repository\org\hamcrest\hamcrest-all\1.1\hamcrest-all-1.1.jar;C:\Users\Mario\.m2\repository\org\objenesis\objenesis\1.2\objenesis-1.2.jar;C:\Users\Mario\.m2\repository\cglib\cglib-nodep\2.2\cglib-nodep-2.2.jar;C:\Users\Mario\.m2\repository\junit\junit\4.7\junit-4.7.jar;C:\Users\Mario\.m2\repository\org\jmock\jmock\2.4.0\jmock-2.4.0.jar;C:\Users\Mario\.m2\repository\org\hamcrest\hamcrest-core\1.1\hamcrest-core-1.1.jar;C:\Users\Mario\.m2\repository\org\hamcrest\hamcrest-library\1.1\hamcrest-library-1.1.jar;C:\Users\Mario\.m2\repository\net\sf\json-lib\json-lib\2.2.3\json-lib-2.2.3-jdk15.jar;C:\Users\Mario\.m2\repository\commons-beanutils\commons-beanutils\1.7.0\commons-beanutils-1.7.0.jar;C:\Users\Mario\.m2\repository\commons-logging\commons-logging\1.1.1\commons-logging-1.1.1.jar;C:\Users\Mario\.m2\repository\commons-collections\commons-collections\3.2\commons-collections-3.2.jar;C:\Users\Mario\.m2\repository\commons-lang\commons-lang\2.4\commons-lang-2.4.jar;C:\Users\Mario\.m2\repository\net\sf\ezmorph\ezmorph\1.0.6\ezmorph-1.0.6.jar;C:\Users\Mario\.m2\repository\org\mockito\mockito-all\1.7\mockito-all-1.7.jar;"/>
    <property name="java.specification.name" value="Java Platform API Specification"/>
    <property name="java.class.version" value="50.0"/>
    <property name="sun.management.compiler" value="HotSpot Client Compiler"/>
    <property name="os.version" value="6.1"/>
    <property name="user.home" value="C:\Users\Mario"/>
    <property name="user.timezone" value="Europe/Berlin"/>
    <property name="java.awt.printerjob" value="sun.awt.windows.WPrinterJob"/>
    <property name="java.specification.version" value="1.6"/>
    <property name="file.encoding" value="Cp1252"/>
    <property name="user.name" value="Mario"/>
    <property name="java.class.path" value="C:\data\dev\intellij\lambdaj\target\test-classes;C:\data\dev\intellij\lambdaj\target\classes;C:\Users\Mario\.m2\repository\org\hamcrest\hamcrest-all\1.1\hamcrest-all-1.1.jar;C:\Users\Mario\.m2\repository\org\objenesis\objenesis\1.2\objenesis-1.2.jar;C:\Users\Mario\.m2\repository\cglib\cglib-nodep\2.2\cglib-nodep-2.2.jar;C:\Users\Mario\.m2\repository\junit\junit\4.7\junit-4.7.jar;C:\Users\Mario\.m2\repository\org\jmock\jmock\2.4.0\jmock-2.4.0.jar;C:\Users\Mario\.m2\repository\org\hamcrest\hamcrest-core\1.1\hamcrest-core-1.1.jar;C:\Users\Mario\.m2\repository\org\hamcrest\hamcrest-library\1.1\hamcrest-library-1.1.jar;C:\Users\Mario\.m2\repository\net\sf\json-lib\json-lib\2.2.3\json-lib-2.2.3-jdk15.jar;C:\Users\Mario\.m2\repository\commons-beanutils\commons-beanutils\1.7.0\commons-beanutils-1.7.0.jar;C:\Users\Mario\.m2\repository\commons-logging\commons-logging\1.1.1\commons-logging-1.1.1.jar;C:\Users\Mario\.m2\repository\commons-collections\commons-collections\3.2\commons-collections-3.2.jar;C:\Users\Mario\.m2\repository\commons-lang\commons-lang\2.4\commons-lang-2.4.jar;C:\Users\Mario\.m2\repository\net\sf\ezmorph\ezmorph\1.0.6\ezmorph-1.0.6.jar;C:\Users\Mario\.m2\repository\org\mockito\mockito-all\1.7\mockito-all-1.7.jar;"/>
    <property name="java.vm.specification.version" value="1.0"/>
    <property name="sun.arch.data.model" value="32"/>
    <property name="java.home" value="C:\data\dev\java\jre"/>
    <property name="java.specification.vendor" value="Sun Microsystems Inc."/>
    <property name="user.language" value="it"/>
    <property name="awt.toolkit" value="sun.awt.windows.WToolkit"/>
    <property name="java.vm.info" value="mixed mode, sharing"/>
    <property name="java.version" value="1.6.0_20"/>
    <property name="java.ext.dirs" value="C:\data\dev\java\jre\lib\ext;C:\Windows\Sun\Java\lib\ext"/>
    <property name="sun.boot.class.path" value="C:\data\dev\java\jre\lib\resources.jar;C:\data\dev\java\jre\lib\rt.jar;C:\data\dev\java\jre\lib\sunrsasign.jar;C:\data\dev\java\jre\lib\jsse.jar;C:\data\dev\java\jre\lib\jce.jar;C:\data\dev\java\jre\lib\charsets.jar;C:\data\dev\java\jre\classes"/>
    <property name="java.vendor" value="Sun Microsystems Inc."/>
    <property name="localRepository" value="C:\Users\Mario\.m2\repository"/>
    <property name="file.separator" value="\"/>
    <property name="java.vendor.url.bug" value="http://java.sun.com/cgi-bin/bugreport.cgi"/>
    <property name="sun.cpu.endian" value="little"/>
    <property name="sun.io.unicode.encoding" value="UnicodeLittle"/>
    <property name="sun.desktop" value="windows"/>
    <property name="sun.cpu.isalist" value="pentium_pro+mmx pentium_pro pentium+mmx pentium i486 i386 i86"/>
  </properties>
  <testcase time="0.005" classname="ch.lambdaj.SwitcherTest" name="testExecSwitch"/>
  <testcase time="0.001" classname="ch.lambdaj.SwitcherTest" name="testExecAllSwitch"/>
  <testcase time="0.001" classname="ch.lambdaj.SwitcherTest" name="testSwitchOnPersons"/>
  <testcase time="0.001" classname="ch.lambdaj.SwitcherTest" name="testSwitchAsFactory"/>
</testsuite>